000000000000100
010010010010110
111111111111110
111111111111010
111111111111011
111111111111001
111111111111001
111111111111011
111111111111010
111111111111010
111111111111011
111111111111001
111111111111001
111111111111011
111111111111010
111111111111010
111111111111011
111111111111001
111111111111001
111111111111011
111111111111010
111111111111010
111111111111011
111111111111001
111111111111001
111111111111011
111111111111010
111111111111010
111111111111011
111111111111001
111111111111001
111111111111011
111111111111010
111111111111110
111111111111011
111111100111010
100111011111111
111011101011111
111110101111111
010011111011100
